[    0.000000] Initializing cgroup subsys cpuset
[    0.00000] Initializing cgroup subsys cpu
[    0.000000] Initializing cgup subsys cpuacct
[    0.000000] Linux version 4.4.0-66-generic (buildd@lgw01-28) (gcc version 5.4.0 20160609 (Ubuntu 5.4.0-6ubuntu1~16.04.4) ) #87-Ubuntu SMP Fri Mar 3 15:29:05 UTC 2017 (Ubuntu 4.4.0-66.87-generic 4.4.44
[    0.000000] Command line: OTIMAGE=/oovmliuz4..0-6-geric root=LABEL=cloudimg-rootfs ro console=tty1 console=ttyS0
[    0.000000] KERNEL supported cpus:
[    0.000000]   Intel GenuineIntel
[    0.000000]   AMD AuthenticAMD
[    0.000000]   Centaur CentaurHauls
[    0.000000] x86/fpu: xstate_offset[2]:  576, xstate_sizes[2]:  256
[    0.000000] x86/fpu: Supporting XSAVE feature 0x01: 'x87 floating point registers'
[    0.000000] x86/fpu: Supporting XSAVE feature 0x02: 'SSE registers'
[    0.000000] x86/fpu: Supporting XSAVE feature 0x04: 'AVX registe'
[    0.000000] x86/fpu: Enabled xstate features 0x7, context size is 832 bytes, using 'standard' format.
[    0.000000] x86/fpu: Using 'lazy' FPU context switches.
[    0.000000] e820: BIOS-provided physalRAM map:
[    0.000000] BIOS-e820: [mem 0x0000000000000000-0x000000000009fbff] usable
[    0.000000] BIOS-e820: [mem 0x000000000009fc00-0x000000000009ffff] reserved
[    0.000000] BIOS-e820: [mem 0x00000000000f0000-0x00000000000fffff] reserved
[    0.000000] BIOS-e820: [mem 0x0000000000100000-0x000000003ffeffff] usable
[    0.000000] BIOS-e820: [mem 0x000000003fff0000-0x000000003fffffff] ACPI data
[    0.000000] BIOS-e820: [mem 0x00000000fffc0000-0x00000000ffffffff] reserved
[    000000] NX (Execute Disable) protecton active
[    0.000000] SMBIOS 2.5 present.
[    0.000000] Hypervisor detected: KVM
[    0.000000] e820: last_pfn = 0x3fff0 max_arch_pfn = 0x400000000
[    0.000000] MTRR: Disabled
[    0.000000] x86/PAT: MTRRs isabled, skipping PAT initialization too.
[    0.000000] x86/PAT: Configuration [0-7]: WB  WT  UC- UC  WB  WT  UC- UC  
[    0.000000] CPU MTRRs all blank - virtualized system.
[    0.000000] found SMP MP-table at [mem 0x0009fff0-0x0009ffff] mapped at [ffff88000009fff0]
[    0.000000] Scanning 1 areas for low memory corruption
[    0.000000] RAMDISK: [mem 0x36ac8000-0x3755bfff]
[    0.000000] ACPI: Early table checksum verification disabled
[    0.000000] ACPI: RSDP 0x00000000000E0000 000024 (v02 VBOX  )
[    0.000000] ACPI: XSDT 0x000000003FFF0030 00003C (v01 VBOX   VBOXXSDT 00000001 ASL  00000061)
[    0.000000] ACPI: FACP 0x000000003FFF00F0 0000F4 (v04 VBOX   VBOXFACP 00000001 ASL  00000061)
[    0.000000] ACPI: DSDT 0x000000003FFF0470 002106 (v01 VBOX   VBOXBIOS 00000002 INTL 20150717)
[    0.000000] ACPI: FACS 0x000000003FFF0200 000040
[    0.000000] ACPI: FACS 0x000000003FFF0200 000040
[    0.000000] ACPI: APIC 0x000000003FFF0240 00005C (v02 VBOX   VBOXAPIC 00000001 ASL  00000061)
[    0.000000] ACPI: SSDT 0x000000003FFF02A0 0001CC (v01 VBOX   VBOXCPUT 00000002 INTL 20150717)
[    0.000000] No NUMA configuration found
[    0.000000] Faking a node at [mem 0x0000000000000000-0x000000003ffeffff]
[    0.000000] NODE_DATA(0) allocated [mem 0x3ffeb000-0x3ffeffff]
[    0.000000] kvm-clock: Using msrs 4b564d01 and 4b564d00
[    0.000000] kvm-clock: cpu 0, msr 0:3ffe3001, primary cpu clock
[    0.000000] kvm-clock: using sched offset of 3530840076 cycles
[    0.000000] clocksource: kvm-clock: mask: 0xffffffffffffffff max_cycles: 0x1cd42e4dffb, max_idle_ns: 881590591483 ns
[    0.000000] Zone ranges:
[    0.000000]   DMA      [mem 0x0000000000001000-0x0000000000ffffff]
[    0.000000]   DMA32    [mem 0x000000000000000-0x000000003ffeffff]
[    0.000000]   Normal   empty
[   0.00000]   Device   empty
[   0.00000] Movable zone start for each node
[    0.000000] Early memory node ranges
[    0.000000]   node   0: [mem 0x0000000000001000-0x000000000009efff]
[    0.000000]   node   0: [mem 0x0000000000100000-0x000000003ffeffff]
[    0.000000] Initmem setup node 0 [mem 0x0000000000001000-0x000000003ffeffff]
[    0.000000] ACPI: PM-Timer IO Port: 0x4008
[    0.000000] IOAPIC[0]: apic_id 2, version 17, address 0xfec00000, GSI 0-23
[    0.000000] ACPI: INT_SRC_OVR (bus 0 bus_irq 0 global_irq 2 dfl dfl)
[    0.000000] ACPI: INT_SRC_OVR (bus 0 bus_irq 9 global_irq 9 high level)
[    0.000000]sing ACPI (MADT) for SMP configuration information
[    0.000000] smpboot: Allowing 2 CPUs, 0 hotplug CPUs
[    0.000000] PM: Registered nosave memory: [mem 0x00000000-0x00000fff]
[    0.000000] PM: Registered nosave memory: [mem 0x0009f000-0x0009ffff]
[    0.000000] PM: Registered nosave memory: [mem 0x000a0000-0x000effff]
[    0.000000] PM: Registered nosave memory: [mem 0x000f0000-0x000fffff]
[    0.000000] e820: [mem 0x40000000-0xfffbffff] available for PCI devices
[    0.000000] Booting paravirtualized kernel on KVM
[    0.000000] clocksource: refined-jiffies: mask: 0xffffffff max_cycles: 0xffffffff, max_idle_ns: 7645519600211568 ns
[    0.000000] setup_percpu: NR_CPUS:512 nr_cpumask_bits:512 nr_cpu_ids:2 nr_node_ids:1
[    0.000000] PERCPU: Embedded 33 pages/cpu @ffff88003fc00000 s98264 r8192 d28712 u1048576
[    0.000000] PV qspinlock hash table entries: 256 (order: 0, 4096 bytes)
[    0.000000] Built 1 zonelists in Node order, mobility grouping on.  Total pages: 257913
[    0.000000] Policy zone: DMA32
[    0.000000] Kernel command line: BOOT_IMAGE=/boot/vmlinuz-4.4.0-66-generic root=LABEL=cloudimg-rootfs ro console=tty1 console=ttyS0
[    0.000000] PID hash table entries: 4096 (order: 3, 32768 bytes)
[    0.000000] Memory: 1001744K/1048120K available (8452K kernel code, 1293K rwdata, 3980K rodata, 1488K init, 1316K bss, 46376K reserved, 0K cma-reserved)
[    0.000000] SLUB: HWalign=64, Order=0-3, MinObjects=0, CPUs=2, Nodes=1
[    0.000000] Hierarchical RCU implementation.
[    0.000000] 	Build-time adjustment of leaf fanout to 64.
[    0.000000] 	RCU restricting CPUs from NR_CPUS=512 to nr_cpu_ids=2.
[    0.000000] RCU: Adjusting geometry for rcu_fanout_leaf=64, nr_cpu_ids=2
[    0.000000] NR_IRQS:33024 nr_irqs:440 16
[    0.000000] Console: colour VGA+ 80x25
[    0.000000] console [tty1] enabled
[    0.000000] console [ttyS0] enabled
[    0.000000] tsc: Detected 2491.906 MHz processor
[    2.981712] Calibrating delay loop (skipped) preset value.. 4983.81 BogoMIPS (lpj=9967624)
[    3.028782] pid_max: default: 32768 minimum: 301
[    3.038731] ACPI: Core revision 20150930
[    3.077488] ACPI: 2 ACPI AML tables successfully acquired and loaded
[    3.084600] Security Framework initialized
[    3.094162] Yama: becoming mindful.
[    3.097148] AppArmor: AppArmor initialized
[    3.098582] Dentry cache hash table entries: 131072 (order: 8, 1048576 bytes)
[    3.122481] Inode-cache hash table entries: 65536 (order: 7, 524288 bytes)
[    3.138451] Mount-cache hash table entries: 2048 (order: 2, 16384 bytes)
[    3.150420] Mountpoint-cache hash table entries: 2048 (order: 2, 16384 bytes)
[    3.156770] Initializing cgroup subsys io
[    3.177357] Initializing cgroup subsys memory
[    3.192068] Initializing cgroup subsys devices
[    3.194527] Initializing cgroup subsys freezer
[    3.195803] Initializing cgroup subsys net_cls
[    3.232805] Initializing cgroup subsys perf_event
[    3.265892] Initializing cgroup subsys net_prio
[    3.267224] Initializing cgroup subsys hugetlb
[    3.308450] Initializing cgroup subsys pids
[    3.312896] CPU: Physical Processor ID: 0
[    3.349850] CPU: Processor Core ID: 0
[    3.351039] mce: CPU supports 0 MCE banks
[    3.352274] Last level iTLB entries: 4KB 512, 2MB 8, 4MB 8
[    3.359009] Last level dTLB entries: 4KB 512, 2MB 32, 4MB 32, 1GB 0
[    3.394490] Freeing SMP alternatives memory: 32K (ffffffff820b9000 - ffffffff820c1000)
[    3.463279] ftrace: allocating 32123 entries in 126 pages
[    3.544229] smpboot: APIC(0) Converting physical 0 to logical package 0
[    3.551495] smpboot: Max logical packages: 1
[    3.602463] ..TIMER: vector=0x30 apic1=0 pin1=2 apic2=-1 pin2=-1
[    3.748300] smpboot: CPU0: Intel(R) Core(TM) i5-2520M CPU @ 2.50GHz (family: 0x6, model: 0x2a, stepping: 0x7)
[    3.768706] Performance Events: unsupported p6 CPU model 42 no PMU driver, software events only.
[    3.783094] KVM setup paravirtual spinlock
[    3.802931] x86: Booting SMP configuration:
[    3.838602] .... node  #0, CPUs:      #1
[    3.841057] kvm-clock: cpu 1, msr 0:3ffe3041, secondary cpu clock
[    3.953145] mce: CPU supports 0 MCE banks
[    4.058555] x86: Booted up 1 node, 2 CPUs
[    4.065018] smpboot: Total of 2 processors activated (9967.62 BogoMIPS)
[    4.069810] devtmpfs: initialized
[    4.074571] evm: security.selinux
[    4.080170] evm: security.SMACK64
[    4.081365] evm: security.SMACK64EXEC
[    4.101691] evm: security.SMACK64TRANSMUTE
[    4.102997] evm: security.SMACK64MMAP
[    4.104194] evm: security.ima
[    4.105303] evm: security.capability
[    4.106887] clocksource: jiffies: mask: 0xffffffff max_cycles: 0xffffffff, max_idle_ns: 7645041785100000 ns
[    4.109936] pinctrl core: initialized pinctrl subsystem
[    4.117004] RTC time: 19:44:18, date: 03/11/17
[    4.119412] NET: Registered protocol family 16
[    4.156485] cpuidle: using governor ladder
[    4.180618] cpuidle: using governor menu
[    4.192132] PCCT header not found.
[    4.200593] ACPI: bus type PCI registered
[    4.201686] acpiphp: ACPI Hot Plug PCI Controller Driver version: 0.5
[    4.227196] PCI: Using configuration type 1 for base access
[    4.242060] ACPI: Added _OSI(Module Device)
[    4.269743] ACPI: Added _OSI(Processor Device)
[    4.275808] ACPI: Added _OSI(3.0 _SCP Extensions)
[    4.302697] ACPI: Added _OSI(Processor Aggregator Device)
[    4.304902] ACPI: Executed 1 blocks of module-level executable AML code
[    4.328046] ACPI: Interpreter enabled
[    4.341399] ACPI: (supports S0 S5)
[    4.388352] ACPI: Using IOAPIC for interrupt routing
[    4.410894] PCI: Using host bridge windows from ACPI; if necessary, use "pci=nocrs" and report a bug
[    4.454680] ACPI: PCI Root Bridge [PCI0] (domain 0000 [bus 00-ff])
[    4.457740] acpi PNP0A03:00: _OSC: OS supports [ASPM ClockPM Segments MSI]
[    4.461626] acpi PNP0A03:00: _OSC failed (AE_NOT_FOUND); disabling ASPM
[    4.465632] acpi PNP0A03:00: fail to add MMCONFIG information, can't access extended PCI configuration space under this bridge.
[    4.472056] PCI host bridge to bus 0000:00
[    4.474695] pci_bus 0000:00: root bus resource [io  0x0000-0x0cf7 window]
[    4.478295] pci_bus 0000:00: root bus resource [io  0x0d00-0xffff window]
[    4.481350] pci_bus 0000:00: root bus resource [mem 0x000a0000-0x000bffff window]
[    4.485920] pci_bus 0000:00: root bus resource [mem 0x40000000-0xffdfffff window]
[    4.489862] pci_bus 0000:00: root bus resource [bus 00-ff]
[    4.496308] pci 0000:00:01.1: legacy IDE quirk: reg 0x10: [io  0x01f0-0x01f7]
[    4.499903] pci 0000:00:01.1: legacy IDE quirk: reg 0x14: [io  0x03f6]
[    4.507075] pci 0000:00:01.1: legacy IDE quirk: reg 0x18: [io  0x0170-0x0177]
[    4.511985] pci 0000:00:01.1: legacy IDE quirk: reg 0x1c: [io  0x0376]
[    4.594864] ACPI: PCI Interrupt Link [LNKA] (IRQs 5 9 10 11) *0, disabled.
[    4.603168] ACPI: PCI Interrupt Link [LNKB] (IRQs 5 9 10 *11)
[    4.608486] ACPI: PCI Interrupt Link [LNKC] (IRQs 5 9 *10 11)
[    4.614073] ACPI: PCI Interrupt Link [LNKD] (IRQs 5 *9 10 11)
[    4.617585] ACPI: Enabled 2 GPEs in block 00 to 07
[    4.623653] vgaarb: setting as boot device: PCI:0000:00:02.0
[    4.626861] vgaarb: device added: PCI:0000:00:02.0,decodes=io+mem,owns=io+mem,locks=none
[    4.631807] vgaarb: loaded
[    4.654792] vgaarb: bridge control possible 0000:00:02.0
[    4.659376] SCSI subsystem initialized
[    4.663022] ACPI: bus type USB registered
[    4.666701] usbcore: registered new interface driver usbfs
[    4.669588] usbcore: registered new interface driver hub
[    4.671514] usbcore: registered new device driver usb
[    4.698100] PCI: Using ACPI for IRQ routing
[    4.707632] NetLabel: Initializing
[    4.720749] NetLabel:  domain hash size = 128
[    4.729134] NetLabel:  protocols = UNLABELED CIPSOv4
[    4.745306] NetLabel:  unlabeled traffic allowed by default
[    4.750193] amd_nb: Cannot enumerate AMD northbridges
[    4.760837] clocksource: Switched to clocksource kvm-clock
[    4.774266] AppArmor: AppArmor Filesystem Enabled
[    4.835179] pnp: PnP ACPI init
[  48310 pnp: PnP ACPI: found 3 devices

[    5.017394] clocksource: acpi_pm: mask: 0xffffff max_cycles: 0xffffff, max_idle_ns: 2085701024 ns
[  5513] NET: Registered protocol family 2

[    5.248564] TCP established hash table entries: 8192 (order: 4, 65536 bytes)
[    5.250271] TCP bind hash table entries: 8192 (order: 5, 131072 bytes)
[   .218] P: Hash tables configured (established 8192 bind 8192)
[    5.52875 U hah blenris:12(oder2, 16384 byts)
[   0518] DPLi hshtaleenies: 512 (order: 2, 16384 bytes)
[    6.443143] NET: Registered protocol family 1
[  64784pc 00000000:Limiting direct PCI/PCI transfers
[    6.826648] pci 0000:00:01.0: Activating ISA DMA hang workarounds
[    6.830703] Trying to npk oos mae  itrfs.
[    9.367018] Freeing initrd memory: 10832K (ffff880036ac8000 - ffff88003755c000)
[    9.374451] RAPL PMU detected, API unit is 2^-32 Joules, 3 fixed counters 10737418240 ms ovfl timer
[    9.388283] hw unit of domain pp0-core 2^-0 Joules
[    9.396053] hw unit of domain package 2^-0 Joules
[    9.427059] hw unit of domain pp1-gpu 2^-0 Joules
[    9.430126] platform rtc_cmos: registered platform RTC device (no PNP device found)
[    9.470844] Scanning for low memory corruption every 60 seconds
[    9.476248] futex hash table entries: 512 (order: 3, 32768 bytes)
[    9.482938] audit: initializing netlink subsys (disabled)
[    9.498738] audit: type=2000 audit(1489261465.263:1): initialized
[    9.511456] Initialise system trusted keyring
[    9.519841] HugeTLB registered 2 MB page size, pre-allocated 0 pages
[    9.539278] zbud: loaded
[    9.554748] VFS: Disk quotas dquot_6.6.0
[    9.557966] VFS: Dquot-cache hash table entries: 512 (order 0, 4096 bytes)
[    9.577981] squashfs: version 4.0 (2009/01/31) Phillip Lougher
[    9.587912] fuse init (API version 7.23)
[    9.637838] Key type big_key regier
    7796 Aoctig MAMO an blacklist keyrings.

[   10.140181] Key type asymmetric registered
[   10.152156] Asymmetric key parser 'x509' registered
[   10.179331] Block layer SCSI generic (bsg) driver version 0.4 loaded (major 249)
[   10.181928] io scheduler noop registered
[   10.185122] io scheduler deadline registered (default)
[   10.189422] io scheduler cfq registered
[   10.217740] pci_hotplug: PCI Hot Plug PCI Core version: 0.5
[   10.247077] pciehp: PCI Express Hot Plug Controller Driver version: 0.4
[   10.270411] ACPI: AC Adapter [AC] (on-line)
[   10.277012] input: Power Button as /devices/LNXSYSTM:00/LNXPWRBN:00/input/input0
[   10.300384] ACPI: Power Button [PWRF]
[   10.317887] input: Sleep Button as /devices/LNXSYSTM:00/LNXSLPBN:00/input/input1
[   10.349368] ACPI: Sleep Button [SLPF]
[   10.358547] GHES: HEST is not enabled!
[   10.359517] ACPI: Battery Slot [BAT0] (battery present)
[   10.371833] Serial: 8250/16550 driver, 32 ports, IRQ sharing enabled
[   10.416863] 00:02: ttyS0 at I/O 0x3f8 (irq = 4, base_baud = 115200) is a 16550A
[   10.464 tc:Reind SC clocksource calibation: 2491.483 MHz

[   10.723405] clocksource: tsc: mask: 0xffffffffffffffff max_cycles: 0x23e9cc56ac7, max_idle_ns: 440795330673 ns
[   10.726594] Linux agpgart interface v0.103
[   10.749380] brd: module loaded
[   10.759258] loop: module loaded
[   10.769546] scsi host0: ata_piix
[   10.928043] scsi host1: ata_piix
[   10.969274] ata1: PATA max UDMA/33 cmd 0x1f0 ctl 0x3f6 bmdma 0xd000 irq 14
[   11.038677] ata2: PATA max UDMA/33 cmd 0x170 ctl 0x376 bmdma 0xd008 irq 15
[   11.249706] libphy: Fixed MDIO Bus: probed
[   11.259071] tun: Universal TUN/TAP device driver, 1.6
[   11.260545] tun: (C) 1999-2004 Max Krasnyansky <maxk@qualcomm.com>
[   11.268887] PPP generic driver version 2.4.2
[   11.329523] ehci_hcd: USB 2.0 'Enhanced' Host Controller (EHCI) Driver
[   11.378392] ehci-pci: EHCI PCI platform driver
[   11.384661] ehci-platform: EHCI generic platform driver
[   11.448231] ohci_hcd: USB 1.1 'Open' Host Controller (OHCI) Driver
[   11.489333] ohci-pci: OHCI PCI platform driver
[   11.597533] ohci-platform: OHCI generic platform driver
[   11.639135] uhci_hcd: USB Universal Host Controller Interface driver
[   11.640948] i8042: PNP: PS/2 Controller [PNP0303:PS2K,PNP0f03:PS2M] at 0x60,0x64 irq 1,12
[   11.669660] serio: i8042 KBD port at 0x60,0x64 irq 1
[   11.748981] serio: i8042 AUX port at 0x60,0x64 irq 12
[   11.768851] mousedev: PS/2 mouse device common for all mice
[   11.859399] rtc_cmos rtc_cmos: rtc core: registered rtc_cmos as rtc0
[   12.168555] input: AT Translated Set 2 keyboard as /devices/platform/i8042/serio0/input/input2
[   12.172358] rtc_cmos rtc_cmos: alarms up to one day, 114 bytes nvram
[   12.229051] i2c /dev entries driver
[   12.235473] device-mapper: uevent: version 1.0.3
[   12.239029] device-mapper: ioctl: 4.34.0-ioctl (2015-10-28) initialised: dm-devel@redhat.com
[   12.296924] ledtrig-cpu: registered to indicate activity on CPUs
[   12.320739] NET: Registered protocol family 10
[   12.357694] NET: Registered protocol family 17
[   12.361041] Key type dns_resolver registered
[   12.401569] microcode: CPU0 sig=0x206a7, pf=0x10, revision=0x0
[   12.406654] microcode: CPU1 sig=0x206a7, pf=0x10, revision=0x0
[   12.409174] microcode: Microcode Update Driver: v2.01 <tigran@aivazian.fsnet.co.uk>, Peter Oruba
[   12.568780] registered taskstats version 1
[   12.738223] Loading compiled-in X.509 certificates
[   12.939452] Loaded X.509 cert 'Build time autogenerated kernel key: 32ca4feee90b5cde51f5f8c0e024b22f8c679982'
[   13.098934] zswap: loaded using pool lzo/zbud
[   13.181470] Key type trusted registered
[   13.373197] Key type encrypted registered
[   13.528481] AppArmor: AppArmor sha1 policy hashing enabled
[   13.542744] ima: No TPM chip found, activating TPM-bypass!
[   13.630170] evm: HMAC attrs: 0x1
[   13.643532]   Magic number: 9:507:748
[   13.738615] rtc_cmos rtc_cmos: setting system clock to 2017-03-11 19:44:28 UTC (1489261468)
[   13.780369] BIOS EDD facility v0.16 2004-Jun-25, 0 devices found
[   13.798978] EDD information not available.
[   13.910626] Freeing unused kernel memory: 1488K (ffffffff81f45000 - ffffffff820b9000)
[   13.968989] Write protecting the kernel read-only data: 14336k
[   14.020259] Freeing unused kernel memory: 1776K (ffff880001844000 - ffff880001a00000)
[   14.039394] Freeing unused kernel memory: 116K (ffff880001de3000 - ffff880001e00000)
Loading, please wait...
starting version[   14.077875] random: systemd-udevd: uninitialized urandom read (16 bytes read, 3 bits of entropy available)
 229
[   14.078880] random: udevadm: uninitialized urandom read (16 bytes read, 3 bits of entropy available)
[   14.078946] random: udevadm: uninitialized urandom read (16 bytes read, 3 bits of entropy available)
[   14.079160] random: udevadm: uninitialized urandom read (16 bytes read, 3 bits of entropy available)
[   14.079244] random: udevadm: uninitialized urandom read (16 bytes read, 3 bits of entropy available)
[   14.079325] random: udevadm: uninitialized urandom read (16 bytes read, 3 bits of entropy available)
[   14.079411] random: udevadm: uninitialized urandom read (16 bytes read, 3 bits of entropy available)
[   14.079499] random: udevadm: uninitialized urandom read (16 bytes read, 3 bits of entropy available)
[   14.079580] random: udevadm: uninitialized urandom read (16 bytes read, 3 bits of entropy available)
[   14.079660] random: udevadm: uninitialized urandom read (16 bytes read, 3 bits of entropy available)
[   16.545407] e1000: Intel(R) PRO/1000 Network Driver - version 7.3.21-k8-NAPI
[   16.698266] e1000: Copyright (c) 1999-2006 Intel Corporation.
[   16.854825] Fusion MPT base driver 3.04.20
[   16.868552] Copyright (c) 1999-2008 LSI Corporation
[   16.887165] Fusion MPT SPI Host driver 3.04.20
[   16.924309] mptbase: ioc0: Initiating bringup
[   16.932745] AVX version of gcm_enc/dec engaged.
[   17.005010] AES CTR mode by8 optimization enabled
[   17.274987] input: ImExPS/2 Generic Explorer Mouse as /devices/platform/i8042/serio1/input/input4
[   17.393166] ioc0: LSI53C1030 A0: Capabilities={Initiator}
[   17.759269] scsi host2: ioc0: LSI53C1030 A0, FwRev=00000000h, Ports=1, MaxQ=256, IRQ=20
